Debug display of 'Is missing in the languagefile: EventsListing':(0.295017) - (net usage: 6952448) - (peak: 7220104)
Languagestring: "view"
Debug display of 'Is missing in the languagefile: EventsListing':(0.295319) - (net usage: 6954248) - (peak: 7220104)
Languagestring: "makestandard"
Debug display of 'Is missing in the languagefile: EventsListing':(0.29553) - (net usage: 6955232) - (peak: 7220104)
Languagestring: "standard"
Debug display of 'Is missing in the languagefile: EventsListing':(0.295811) - (net usage: 6957104) - (peak: 7220104)
Languagestring: "newtemplate"
Debug display of 'Is missing in the languagefile: EventsListing':(0.387026) - (net usage: 9964112) - (peak: 10423312)
Languagestring: "view"
Debug display of 'Is missing in the languagefile: EventsListing':(0.387189) - (net usage: 9964112) - (peak: 10423312)
Languagestring: "makestandard"
Debug display of 'Is missing in the languagefile: EventsListing':(0.387351) - (net usage: 9964112) - (peak: 10423312)
Languagestring: "standard"
Debug display of 'Is missing in the languagefile: EventsListing':(0.387594) - (net usage: 9964112) - (peak: 10423312)
Languagestring: "newtemplate"
Debug display of 'Is missing in the languagefile: EventsListing':(0.414853) - (net usage: 9939424) - (peak: 10428984)
Languagestring: "view"
Debug display of 'Is missing in the languagefile: EventsListing':(0.415005) - (net usage: 9939424) - (peak: 10428984)
Languagestring: "makestandard"
Debug display of 'Is missing in the languagefile: EventsListing':(0.415162) - (net usage: 9939424) - (peak: 10428984)
Languagestring: "standard"
Debug display of 'Is missing in the languagefile: EventsListing':(0.415372) - (net usage: 9939424) - (peak: 10428984)
Languagestring: "newtemplate"
Debug display of 'Is missing in the languagefile: admin':(0.467678) - (net usage: 11840088) - (peak: 12444856)
Languagestring: "tplhelp_page"
